<?xml version="1.0" encoding="UTF-8"?>
<!-- Generated by org.testng.reporters.JUnitXMLReporter -->
<testsuite ignored="3" hostname="PQA-0591LT" failures="0" tests="2" name="MyTest" time="17.867" errors="0" timestamp="2023-09-25T14:37:17 EDT">
  <testcase classname="com.obsqura.tests.CreateandDeleteExpense" name="MyCreateDeleteExpense" time="4.887"/>
  <testcase classname="com.obsqura.tests.CreateDeliveryBoy" name="CreateDeliveryBoyTest" time="4.925"/>
  <testcase classname="com.obsqura.tests.SearchProductTest" name="MySearchProductTest" time="0.0">
    <ignored/>
  </testcase> <!-- MySearchProductTest -->
  <testcase classname="com.obsqura.tests.LoginTest" name="MyLoginTest" time="0.0">
    <ignored/>
  </testcase> <!-- MyLoginTest -->
  <testcase classname="com.obsqura.tests.CreateContact" name="CreateContactTest" time="0.0">
    <ignored/>
  </testcase> <!-- CreateContactTest -->
</testsuite> <!-- MyTest -->
