<?xml version="1.0" encoding="UTF-8"?>
<!-- Generated by org.testng.reporters.JUnitXMLReporter -->
<testsuite ignored="3" hostname="PQA-0591LT" failures="2" tests="2" name="Test" time="0.057" errors="0" timestamp="2023-09-25T14:14:59 EDT">
  <testcase classname="com.obsqura.tests.CreateandDeleteExpense" name="MyCreateDeleteExpense" time="0.008">
    <failure type="java.lang.NullPointerException" message="Cannot invoke &amp;quot;com.obsqura.pages.LoginPage.Login()&amp;quot; because &amp;quot;this.lp&amp;quot; is null">
      <![CDATA[java.lang.NullPointerException: Cannot invoke "com.obsqura.pages.LoginPage.Login()" because "this.lp" is null
at com.obsqura.tests.CreateandDeleteExpense.MyCreateDeleteExpense(CreateandDeleteExpense.java:17)
at java.base/java.util.ArrayList.forEach(ArrayList.java:1511)
... Removed 27 stack frames]]>
    </failure>
  </testcase> <!-- MyCreateDeleteExpense -->
  <testcase classname="com.obsqura.tests.CreateDeliveryBoy" name="CreateDeliveryBoyTest" time="0.001">
    <failure type="java.lang.NullPointerException" message="Cannot invoke &amp;quot;com.obsqura.pages.LoginPage.Login()&amp;quot; because &amp;quot;this.lp&amp;quot; is null">
      <![CDATA[java.lang.NullPointerException: Cannot invoke "com.obsqura.pages.LoginPage.Login()" because "this.lp" is null
at com.obsqura.tests.CreateDeliveryBoy.CreateDeliveryBoyTest(CreateDeliveryBoy.java:12)
at java.base/java.util.ArrayList.forEach(ArrayList.java:1511)
... Removed 27 stack frames]]>
    </failure>
  </testcase> <!-- CreateDeliveryBoyTest -->
  <testcase classname="com.obsqura.tests.SearchProductTest" name="MySearchProductTest" time="0.0">
    <ignored/>
  </testcase> <!-- MySearchProductTest -->
  <testcase classname="com.obsqura.tests.CreateContact" name="CreateContactTest" time="0.0">
    <ignored/>
  </testcase> <!-- CreateContactTest -->
  <testcase classname="com.obsqura.tests.LoginTest" name="MyLoginTest" time="0.0">
    <ignored/>
  </testcase> <!-- MyLoginTest -->
</testsuite> <!-- Test -->
