<?xml version="1.0" encoding="UTF-8"?>
<!-- Generated by org.testng.reporters.JUnitXMLReporter -->
<testsuite ignored="0" hostname="PQA-0591LT" failures="1" tests="1" name="Test3" time="14.752" errors="0" timestamp="2023-08-31T11:49:08 EDT">
  <testcase classname="com.obsqura.tests.CreateandDeleteExpense" name="MyCreateDeleteExpense" time="7.887">
    <failure type="java.lang.AssertionError" message="null">
      <![CDATA[java.lang.AssertionError: null
at com.obsqura.tests.CreateandDeleteExpense.MyCreateDeleteExpense(CreateandDeleteExpense.java:20)
at java.base/java.util.ArrayList.forEach(ArrayList.java:1511)
at java.base/java.util.concurrent.FutureTask.run(FutureTask.java:264)
at java.base/java.util.concurrent.ThreadPoolExecutor.runWorker(ThreadPoolExecutor.java:1136)
at java.base/java.util.concurrent.ThreadPoolExecutor$Worker.run(ThreadPoolExecutor.java:635)
at java.base/java.lang.Thread.run(Thread.java:833)
... Removed 19 stack frames]]>
    </failure>
  </testcase> <!-- MyCreateDeleteExpense -->
</testsuite> <!-- Test3 -->
