-------------------------------------------------------------------------------
Test set: TestSuite
-------------------------------------------------------------------------------
Tests run: 4, Failures: 1, Errors: 0, Skipped: 0, Time elapsed: 22.772 s <<< FAILURE! - in TestSuite
MyCreateDeleteExpense(com.obsqura.tests.CreateandDeleteExpense)  Time elapsed: 9.579 s  <<< FAILURE!
java.lang.AssertionError: null
	at com.obsqura.tests.CreateandDeleteExpense.MyCreateDeleteExpense(CreateandDeleteExpense.java:22)

