<?xml version="1.0" encoding="UTF-8"?>
<testng-results ignored="0" total="4" passed="3" failed="1" skipped="0">
  <reporter-output>
  </reporter-output>
  <suite started-at="2023-09-01T11:58:19 EDT" name="Suite" finished-at="2023-09-01T11:58:40 EDT" duration-ms="21189">
    <groups>
    </groups>
    <test started-at="2023-09-01T11:58:19 EDT" name="Test1" finished-at="2023-09-01T11:58:36 EDT" duration-ms="16463">
      <class name="com.obsqura.tests.LoginTest">
        <test-method is-config="true" signature="InitializeDriver()[pri:0, instance:com.obsqura.tests.LoginTest@117159c0]" started-at="2023-09-01T11:58:19 EDT" name="InitializeDriver" finished-at="2023-09-01T11:58:30 EDT" duration-ms="10986" status="PASS">
          <reporter-output>
          </reporter-output>
        </test-method> <!-- InitializeDriver -->
        <test-method signature="MyLoginTest()[pri:0, instance:com.obsqura.tests.LoginTest@117159c0]" started-at="2023-09-01T11:58:30 EDT" name="MyLoginTest" finished-at="2023-09-01T11:58:33 EDT" duration-ms="3008" status="PASS">
          <reporter-output>
          </reporter-output>
        </test-method> <!-- MyLoginTest -->
        <test-method is-config="true" signature="TearDown()[pri:0, instance:com.obsqura.tests.LoginTest@117159c0]" started-at="2023-09-01T11:58:33 EDT" name="TearDown" finished-at="2023-09-01T11:58:36 EDT" duration-ms="2336" status="PASS">
          <reporter-output>
          </reporter-output>
        </test-method> <!-- TearDown -->
      </class> <!-- com.obsqura.tests.LoginTest -->
    </test> <!-- Test1 -->
    <test started-at="2023-09-01T11:58:19 EDT" name="Test2" finished-at="2023-09-01T11:58:39 EDT" duration-ms="19637">
      <class name="com.obsqura.tests.SearchProductTest">
        <test-method is-config="true" signature="InitializeDriver()[pri:0, instance:com.obsqura.tests.SearchProductTest@4d1c005e]" started-at="2023-09-01T11:58:19 EDT" name="InitializeDriver" finished-at="2023-09-01T11:58:30 EDT" duration-ms="11195" status="PASS">
          <reporter-output>
          </reporter-output>
        </test-method> <!-- InitializeDriver -->
        <test-method signature="MySearchProductTest()[pri:0, instance:com.obsqura.tests.SearchProductTest@4d1c005e]" started-at="2023-09-01T11:58:30 EDT" name="MySearchProductTest" finished-at="2023-09-01T11:58:37 EDT" duration-ms="7035" status="PASS">
          <reporter-output>
          </reporter-output>
        </test-method> <!-- MySearchProductTest -->
        <test-method is-config="true" signature="TearDown()[pri:0, instance:com.obsqura.tests.SearchProductTest@4d1c005e]" started-at="2023-09-01T11:58:37 EDT" name="TearDown" finished-at="2023-09-01T11:58:39 EDT" duration-ms="1300" status="PASS">
          <reporter-output>
          </reporter-output>
        </test-method> <!-- TearDown -->
      </class> <!-- com.obsqura.tests.SearchProductTest -->
    </test> <!-- Test2 -->
    <test started-at="2023-09-01T11:58:19 EDT" name="Test4" finished-at="2023-09-01T11:58:39 EDT" duration-ms="19723">
      <class name="com.obsqura.tests.CreateDeliveryBoy">
        <test-method is-config="true" signature="InitializeDriver()[pri:0, instance:com.obsqura.tests.CreateDeliveryBoy@303cf2ba]" started-at="2023-09-01T11:58:19 EDT" name="InitializeDriver" finished-at="2023-09-01T11:58:30 EDT" duration-ms="10565" status="PASS">
          <reporter-output>
          </reporter-output>
        </test-method> <!-- InitializeDriver -->
        <test-method signature="CreateDeliveryBoyTest()[pri:0, instance:com.obsqura.tests.CreateDeliveryBoy@303cf2ba]" started-at="2023-09-01T11:58:30 EDT" name="CreateDeliveryBoyTest" finished-at="2023-09-01T11:58:38 EDT" duration-ms="7999" status="PASS">
          <reporter-output>
          </reporter-output>
        </test-method> <!-- CreateDeliveryBoyTest -->
        <test-method is-config="true" signature="TearDown()[pri:0, instance:com.obsqura.tests.CreateDeliveryBoy@303cf2ba]" started-at="2023-09-01T11:58:38 EDT" name="TearDown" finished-at="2023-09-01T11:58:39 EDT" duration-ms="1053" status="PASS">
          <reporter-output>
          </reporter-output>
        </test-method> <!-- TearDown -->
      </class> <!-- com.obsqura.tests.CreateDeliveryBoy -->
    </test> <!-- Test4 -->
    <test started-at="2023-09-01T11:58:19 EDT" name="Test3" finished-at="2023-09-01T11:58:40 EDT" duration-ms="21189">
      <class name="com.obsqura.tests.CreateandDeleteExpense">
        <test-method is-config="true" signature="InitializeDriver()[pri:0, instance:com.obsqura.tests.CreateandDeleteExpense@59402b8f]" started-at="2023-09-01T11:58:19 EDT" name="InitializeDriver" finished-at="2023-09-01T11:58:30 EDT" duration-ms="10698" status="PASS">
          <reporter-output>
          </reporter-output>
        </test-method> <!-- InitializeDriver -->
        <test-method signature="MyCreateDeleteExpense()[pri:0, instance:com.obsqura.tests.CreateandDeleteExpense@59402b8f]" started-at="2023-09-01T11:58:30 EDT" name="MyCreateDeleteExpense" finished-at="2023-09-01T11:58:40 EDT" duration-ms="9753" status="FAIL">
          <exception class="java.lang.AssertionError">
            <message>
              <![CDATA[null]]>
            </message>
            <full-stacktrace>
              <![CDATA[java.lang.AssertionError: null
at org.testng.Assert.fail(Assert.java:110)
at org.testng.Assert.fail(Assert.java:115)
at com.obsqura.tests.CreateandDeleteExpense.MyCreateDeleteExpense(CreateandDeleteExpense.java:22)
at java.base/jdk.internal.reflect.NativeMethodAccessorImpl.invoke0(Native Method)
at java.base/jdk.internal.reflect.NativeMethodAccessorImpl.invoke(NativeMethodAccessorImpl.java:77)
at java.base/jdk.internal.reflect.DelegatingMethodAccessorImpl.invoke(DelegatingMethodAccessorImpl.java:43)
at java.base/java.lang.reflect.Method.invoke(Method.java:568)
at org.testng.internal.invokers.MethodInvocationHelper.invokeMethod(MethodInvocationHelper.java:139)
at org.testng.internal.invokers.TestInvoker.invokeMethod(TestInvoker.java:677)
at org.testng.internal.invokers.TestInvoker.invokeTestMethod(TestInvoker.java:221)
at org.testng.internal.invokers.MethodRunner.runInSequence(MethodRunner.java:50)
at org.testng.internal.invokers.TestInvoker$MethodInvocationAgent.invoke(TestInvoker.java:962)
at org.testng.internal.invokers.TestInvoker.invokeTestMethods(TestInvoker.java:194)
at org.testng.internal.invokers.TestMethodWorker.invokeTestMethods(TestMethodWorker.java:148)
at org.testng.internal.invokers.TestMethodWorker.run(TestMethodWorker.java:128)
at java.base/java.util.ArrayList.forEach(ArrayList.java:1511)
at org.testng.TestRunner.privateRun(TestRunner.java:806)
at org.testng.TestRunner.run(TestRunner.java:601)
at org.testng.SuiteRunner.runTest(SuiteRunner.java:433)
at org.testng.SuiteRunner$SuiteWorker.run(SuiteRunner.java:471)
at org.testng.internal.thread.ThreadUtil.lambda$execute$0(ThreadUtil.java:58)
at java.base/java.util.concurrent.FutureTask.run(FutureTask.java:264)
at java.base/java.util.concurrent.ThreadPoolExecutor.runWorker(ThreadPoolExecutor.java:1136)
at java.base/java.util.concurrent.ThreadPoolExecutor$Worker.run(ThreadPoolExecutor.java:635)
at java.base/java.lang.Thread.run(Thread.java:833)
]]>
            </full-stacktrace>
          </exception> <!-- java.lang.AssertionError -->
          <reporter-output>
          </reporter-output>
        </test-method> <!-- MyCreateDeleteExpense -->
        <test-method is-config="true" signature="TearDown()[pri:0, instance:com.obsqura.tests.CreateandDeleteExpense@59402b8f]" started-at="2023-09-01T11:58:40 EDT" name="TearDown" finished-at="2023-09-01T11:58:40 EDT" duration-ms="313" status="PASS">
          <reporter-output>
          </reporter-output>
        </test-method> <!-- TearDown -->
      </class> <!-- com.obsqura.tests.CreateandDeleteExpense -->
    </test> <!-- Test3 -->
  </suite> <!-- Suite -->
</testng-results>
