<?xml version="1.0" encoding="UTF-8"?>
<testng-results ignored="0" total="1" passed="1" failed="0" skipped="0">
  <reporter-output>
  </reporter-output>
  <suite started-at="2023-08-22T11:01:10 EDT" name="Default suite" finished-at="2023-08-22T11:01:18 EDT" duration-ms="7617">
    <groups>
    </groups>
    <test started-at="2023-08-22T11:01:10 EDT" name="Default test" finished-at="2023-08-22T11:01:18 EDT" duration-ms="7617">
      <class name="com.obsqura.tests.LoginTest">
        <test-method is-config="true" signature="ReadProperties()[pri:0, instance:com.obsqura.tests.LoginTest@515aebb0]" started-at="2023-08-22T11:01:10 EDT" name="ReadProperties" finished-at="2023-08-22T11:01:10 EDT" duration-ms="11" status="PASS">
          <reporter-output>
          </reporter-output>
        </test-method> <!-- ReadProperties -->
        <test-method is-config="true" signature="InitializeDriver()[pri:0, instance:com.obsqura.tests.LoginTest@515aebb0]" started-at="2023-08-22T11:01:10 EDT" name="InitializeDriver" finished-at="2023-08-22T11:01:16 EDT" duration-ms="5719" status="PASS">
          <reporter-output>
          </reporter-output>
        </test-method> <!-- InitializeDriver -->
        <test-method signature="MyLoginTest()[pri:0, instance:com.obsqura.tests.LoginTest@515aebb0]" started-at="2023-08-22T11:01:16 EDT" name="MyLoginTest" finished-at="2023-08-22T11:01:17 EDT" duration-ms="1509" status="PASS">
          <reporter-output>
          </reporter-output>
        </test-method> <!-- MyLoginTest -->
        <test-method is-config="true" signature="TearDown()[pri:0, instance:com.obsqura.tests.LoginTest@515aebb0]" started-at="2023-08-22T11:01:17 EDT" name="TearDown" finished-at="2023-08-22T11:01:18 EDT" duration-ms="322" status="PASS">
          <reporter-output>
          </reporter-output>
        </test-method> <!-- TearDown -->
      </class> <!-- com.obsqura.tests.LoginTest -->
    </test> <!-- Default test -->
  </suite> <!-- Default suite -->
</testng-results>
